The target system is: Android - 9 - armv5te
The host system is: Darwin - 16.3.0 - x86_64
Determining if the C compiler works passed with the following output:
Change Dir: /Users/marcellogalhardo/Workspace/Android/BellyChallenge/android/app/.externalNativeBuild/cmake/mockDebug/armeabi/CMakeFiles/CMakeTmp

Run Build Command:"/Users/marcellogalhardo/Library/Android/sdk/cmake/3.6.3155560/bin/ninja" "cmTC_bbca9"
[1/2] Building C object CMakeFiles/cmTC_bbca9.dir/testCCompiler.c.o
[2/2] Linking C executable cmTC_bbca9


Detecting C compiler ABI info compiled with the following output:
Change Dir: /Users/marcellogalhardo/Workspace/Android/BellyChallenge/android/app/.externalNativeBuild/cmake/mockDebug/armeabi/CMakeFiles/CMakeTmp

Run Build Command:"/Users/marcellogalhardo/Library/Android/sdk/cmake/3.6.3155560/bin/ninja" "cmTC_b8c3c"
[1/2] Building C object CMakeFiles/cmTC_b8c3c.dir/CMakeCCompilerABI.c.o
[2/2] Linking C executable cmTC_b8c3c
Android clang version 3.8.275480  (based on LLVM 3.8.275480)
Target: armv5te-none-linux-android
Thread model: posix
InstalledDir: /Users/marcellogalhardo/Library/Android/sdk/ndk-bundle/toolchains/llvm/prebuilt/darwin-x86_64/bin
Found candidate GCC installation: /Users/marcellogalhardo/Library/Android/sdk/ndk-bundle/toolchains/arm-linux-androideabi-4.9/prebuilt/darwin-x86_64/lib/gcc/arm-linux-androideabi/4.9.x
Selected GCC installation: /Users/marcellogalhardo/Library/Android/sdk/ndk-bundle/toolchains/arm-linux-androideabi-4.9/prebuilt/darwin-x86_64/lib/gcc/arm-linux-androideabi/4.9.x
Candidate multilib: thumb;@thumb
Candidate multilib: armv7-a;@armv7
Candidate multilib: armv7-a/thumb;@armv7@thumb
Candidate multilib: .;
Selected multilib: thumb;@thumb
 "/Users/marcellogalhardo/Library/Android/sdk/ndk-bundle/toolchains/arm-linux-androideabi-4.9/prebuilt/darwin-x86_64/lib/gcc/arm-linux-androideabi/4.9.x/../../../../arm-linux-androideabi/bin/ld" --sysroot=/Users/marcellogalhardo/Library/Android/sdk/ndk-bundle/platforms/android-9/arch-arm -X --eh-frame-hdr -m armelf_linux_eabi -dynamic-linker /system/bin/linker -o cmTC_b8c3c /Users/marcellogalhardo/Library/Android/sdk/ndk-bundle/platforms/android-9/arch-arm/usr/lib/../lib/crtbegin_dynamic.o -L/Users/marcellogalhardo/Library/Android/sdk/ndk-bundle/toolchains/arm-linux-androideabi-4.9/prebuilt/darwin-x86_64/lib/gcc/arm-linux-androideabi/4.9.x/thumb -L/Users/marcellogalhardo/Library/Android/sdk/ndk-bundle/toolchains/arm-linux-androideabi-4.9/prebuilt/darwin-x86_64/lib/gcc/arm-linux-androideabi/4.9.x/../../../../arm-linux-androideabi/lib/../lib/thumb -L/Users/marcellogalhardo/Library/Android/sdk/ndk-bundle/platforms/android-9/arch-arm/usr/lib/../lib -L/Users/marcellogalhardo/Library/Android/sdk/ndk-bundle/toolchains/arm-linux-androideabi-4.9/prebuilt/darwin-x86_64/lib/gcc/arm-linux-androideabi/4.9.x/../../../../arm-linux-androideabi/lib/thumb -L/Users/marcellogalhardo/Library/Android/sdk/ndk-bundle/platforms/android-9/arch-arm/usr/lib --build-id --warn-shared-textrel --fatal-warnings --no-undefined -z noexecstack -z relro -z now --gc-sections -z nocopyreloc --build-id --warn-shared-textrel --fatal-warnings --no-undefined -z noexecstack -z relro -z now --gc-sections -z nocopyreloc CMakeFiles/cmTC_b8c3c.dir/CMakeCCompilerABI.c.o -lgcc -ldl -lc -lgcc -ldl /Users/marcellogalhardo/Library/Android/sdk/ndk-bundle/platforms/android-9/arch-arm/usr/lib/../lib/crtend_android.o


Parsed C implicit link information from above output:
  link line regex: [^( *|.*[/\])(arm-linux-androideabi-ld|([^/\]+-)?ld|collect2)[^/\]*( |$)]
  ignore line: [Change Dir: /Users/marcellogalhardo/Workspace/Android/BellyChallenge/android/app/.externalNativeBuild/cmake/mockDebug/armeabi/CMakeFiles/CMakeTmp]
  ignore line: []
  ignore line: [Run Build Command:"/Users/marcellogalhardo/Library/Android/sdk/cmake/3.6.3155560/bin/ninja" "cmTC_b8c3c"]
  ignore line: [[1/2] Building C object CMakeFiles/cmTC_b8c3c.dir/CMakeCCompilerABI.c.o]
  ignore line: [[2/2] Linking C executable cmTC_b8c3c]
  ignore line: [Android clang version 3.8.275480  (based on LLVM 3.8.275480)]
  ignore line: [Target: armv5te-none-linux-android]
  ignore line: [Thread model: posix]
  ignore line: [InstalledDir: /Users/marcellogalhardo/Library/Android/sdk/ndk-bundle/toolchains/llvm/prebuilt/darwin-x86_64/bin]
  ignore line: [Found candidate GCC installation: /Users/marcellogalhardo/Library/Android/sdk/ndk-bundle/toolchains/arm-linux-androideabi-4.9/prebuilt/darwin-x86_64/lib/gcc/arm-linux-androideabi/4.9.x]
  ignore line: [Selected GCC installation: /Users/marcellogalhardo/Library/Android/sdk/ndk-bundle/toolchains/arm-linux-androideabi-4.9/prebuilt/darwin-x86_64/lib/gcc/arm-linux-androideabi/4.9.x]
  ignore line: [Candidate multilib: thumb]
  ignore line: [@thumb]
  ignore line: [Candidate multilib: armv7-a]
  ignore line: [@armv7]
  ignore line: [Candidate multilib: armv7-a/thumb]
  ignore line: [@armv7@thumb]
  ignore line: [Candidate multilib: .]
  ignore line: []
  ignore line: [Selected multilib: thumb]
  ignore line: [@thumb]
  link line: [ "/Users/marcellogalhardo/Library/Android/sdk/ndk-bundle/toolchains/arm-linux-androideabi-4.9/prebuilt/darwin-x86_64/lib/gcc/arm-linux-androideabi/4.9.x/../../../../arm-linux-androideabi/bin/ld" --sysroot=/Users/marcellogalhardo/Library/Android/sdk/ndk-bundle/platforms/android-9/arch-arm -X --eh-frame-hdr -m armelf_linux_eabi -dynamic-linker /system/bin/linker -o cmTC_b8c3c /Users/marcellogalhardo/Library/Android/sdk/ndk-bundle/platforms/android-9/arch-arm/usr/lib/../lib/crtbegin_dynamic.o -L/Users/marcellogalhardo/Library/Android/sdk/ndk-bundle/toolchains/arm-linux-androideabi-4.9/prebuilt/darwin-x86_64/lib/gcc/arm-linux-androideabi/4.9.x/thumb -L/Users/marcellogalhardo/Library/Android/sdk/ndk-bundle/toolchains/arm-linux-androideabi-4.9/prebuilt/darwin-x86_64/lib/gcc/arm-linux-androideabi/4.9.x/../../../../arm-linux-androideabi/lib/../lib/thumb -L/Users/marcellogalhardo/Library/Android/sdk/ndk-bundle/platforms/android-9/arch-arm/usr/lib/../lib -L/Users/marcellogalhardo/Library/Android/sdk/ndk-bundle/toolchains/arm-linux-androideabi-4.9/prebuilt/darwin-x86_64/lib/gcc/arm-linux-androideabi/4.9.x/../../../../arm-linux-androideabi/lib/thumb -L/Users/marcellogalhardo/Library/Android/sdk/ndk-bundle/platforms/android-9/arch-arm/usr/lib --build-id --warn-shared-textrel --fatal-warnings --no-undefined -z noexecstack -z relro -z now --gc-sections -z nocopyreloc --build-id --warn-shared-textrel --fatal-warnings --no-undefined -z noexecstack -z relro -z now --gc-sections -z nocopyreloc CMakeFiles/cmTC_b8c3c.dir/CMakeCCompilerABI.c.o -lgcc -ldl -lc -lgcc -ldl /Users/marcellogalhardo/Library/Android/sdk/ndk-bundle/platforms/android-9/arch-arm/usr/lib/../lib/crtend_android.o]
    arg [/Users/marcellogalhardo/Library/Android/sdk/ndk-bundle/toolchains/arm-linux-androideabi-4.9/prebuilt/darwin-x86_64/lib/gcc/arm-linux-androideabi/4.9.x/../../../../arm-linux-androideabi/bin/ld] ==> ignore
    arg [--sysroot=/Users/marcellogalhardo/Library/Android/sdk/ndk-bundle/platforms/android-9/arch-arm] ==> ignore
    arg [-X] ==> ignore
    arg [--eh-frame-hdr] ==> ignore
    arg [-m] ==> ignore
    arg [armelf_linux_eabi] ==> ignore
    arg [-dynamic-linker] ==> ignore
    arg [/system/bin/linker] ==> ignore
    arg [-o] ==> ignore
    arg [cmTC_b8c3c] ==> ignore
    arg [/Users/marcellogalhardo/Library/Android/sdk/ndk-bundle/platforms/android-9/arch-arm/usr/lib/../lib/crtbegin_dynamic.o] ==> ignore
    arg [-L/Users/marcellogalhardo/Library/Android/sdk/ndk-bundle/toolchains/arm-linux-androideabi-4.9/prebuilt/darwin-x86_64/lib/gcc/arm-linux-androideabi/4.9.x/thumb] ==> dir [/Users/marcellogalhardo/Library/Android/sdk/ndk-bundle/toolchains/arm-linux-androideabi-4.9/prebuilt/darwin-x86_64/lib/gcc/arm-linux-androideabi/4.9.x/thumb]
    arg [-L/Users/marcellogalhardo/Library/Android/sdk/ndk-bundle/toolchains/arm-linux-androideabi-4.9/prebuilt/darwin-x86_64/lib/gcc/arm-linux-androideabi/4.9.x/../../../../arm-linux-androideabi/lib/../lib/thumb] ==> dir [/Users/marcellogalhardo/Library/Android/sdk/ndk-bundle/toolchains/arm-linux-androideabi-4.9/prebuilt/darwin-x86_64/lib/gcc/arm-linux-androideabi/4.9.x/../../../../arm-linux-androideabi/lib/../lib/thumb]
    arg [-L/Users/marcellogalhardo/Library/Android/sdk/ndk-bundle/platforms/android-9/arch-arm/usr/lib/../lib] ==> dir [/Users/marcellogalhardo/Library/Android/sdk/ndk-bundle/platforms/android-9/arch-arm/usr/lib/../lib]
    arg [-L/Users/marcellogalhardo/Library/Android/sdk/ndk-bundle/toolchains/arm-linux-androideabi-4.9/prebuilt/darwin-x86_64/lib/gcc/arm-linux-androideabi/4.9.x/../../../../arm-linux-androideabi/lib/thumb] ==> dir [/Users/marcellogalhardo/Library/Android/sdk/ndk-bundle/toolchains/arm-linux-androideabi-4.9/prebuilt/darwin-x86_64/lib/gcc/arm-linux-androideabi/4.9.x/../../../../arm-linux-androideabi/lib/thumb]
    arg [-L/Users/marcellogalhardo/Library/Android/sdk/ndk-bundle/platforms/android-9/arch-arm/usr/lib] ==> dir [/Users/marcellogalhardo/Library/Android/sdk/ndk-bundle/platforms/android-9/arch-arm/usr/lib]
    arg [--build-id] ==> ignore
    arg [--warn-shared-textrel] ==> ignore
    arg [--fatal-warnings] ==> ignore
    arg [--no-undefined] ==> ignore
    arg [-znoexecstack] ==> ignore
    arg [-zrelro] ==> ignore
    arg [-znow] ==> ignore
    arg [--gc-sections] ==> ignore
    arg [-znocopyreloc] ==> ignore
    arg [--build-id] ==> ignore
    arg [--warn-shared-textrel] ==> ignore
    arg [--fatal-warnings] ==> ignore
    arg [--no-undefined] ==> ignore
    arg [-znoexecstack] ==> ignore
    arg [-zrelro] ==> ignore
    arg [-znow] ==> ignore
    arg [--gc-sections] ==> ignore
    arg [-znocopyreloc] ==> ignore
    arg [CMakeFiles/cmTC_b8c3c.dir/CMakeCCompilerABI.c.o] ==> ignore
    arg [-lgcc] ==> lib [gcc]
    arg [-ldl] ==> lib [dl]
    arg [-lc] ==> lib [c]
    arg [-lgcc] ==> lib [gcc]
    arg [-ldl] ==> lib [dl]
    arg [/Users/marcellogalhardo/Library/Android/sdk/ndk-bundle/platforms/android-9/arch-arm/usr/lib/../lib/crtend_android.o] ==> ignore
  remove lib [gcc]
  remove lib [gcc]
  collapse library dir [/Users/marcellogalhardo/Library/Android/sdk/ndk-bundle/toolchains/arm-linux-androideabi-4.9/prebuilt/darwin-x86_64/lib/gcc/arm-linux-androideabi/4.9.x/thumb] ==> [/Users/marcellogalhardo/Library/Android/sdk/ndk-bundle/toolchains/arm-linux-androideabi-4.9/prebuilt/darwin-x86_64/lib/gcc/arm-linux-androideabi/4.9.x/thumb]
  collapse library dir [/Users/marcellogalhardo/Library/Android/sdk/ndk-bundle/toolchains/arm-linux-androideabi-4.9/prebuilt/darwin-x86_64/lib/gcc/arm-linux-androideabi/4.9.x/../../../../arm-linux-androideabi/lib/../lib/thumb] ==> [/Users/marcellogalhardo/Library/Android/sdk/ndk-bundle/toolchains/arm-linux-androideabi-4.9/prebuilt/darwin-x86_64/arm-linux-androideabi/lib/thumb]
  collapse library dir [/Users/marcellogalhardo/Library/Android/sdk/ndk-bundle/platforms/android-9/arch-arm/usr/lib/../lib] ==> [/Users/marcellogalhardo/Library/Android/sdk/ndk-bundle/platforms/android-9/arch-arm/usr/lib]
  collapse library dir [/Users/marcellogalhardo/Library/Android/sdk/ndk-bundle/toolchains/arm-linux-androideabi-4.9/prebuilt/darwin-x86_64/lib/gcc/arm-linux-androideabi/4.9.x/../../../../arm-linux-androideabi/lib/thumb] ==> [/Users/marcellogalhardo/Library/Android/sdk/ndk-bundle/toolchains/arm-linux-androideabi-4.9/prebuilt/darwin-x86_64/arm-linux-androideabi/lib/thumb]
  collapse library dir [/Users/marcellogalhardo/Library/Android/sdk/ndk-bundle/platforms/android-9/arch-arm/usr/lib] ==> [/Users/marcellogalhardo/Library/Android/sdk/ndk-bundle/platforms/android-9/arch-arm/usr/lib]
  implicit libs: [dl;c;dl]
  implicit dirs: [/Users/marcellogalhardo/Library/Android/sdk/ndk-bundle/toolchains/arm-linux-androideabi-4.9/prebuilt/darwin-x86_64/lib/gcc/arm-linux-androideabi/4.9.x/thumb;/Users/marcellogalhardo/Library/Android/sdk/ndk-bundle/toolchains/arm-linux-androideabi-4.9/prebuilt/darwin-x86_64/arm-linux-androideabi/lib/thumb;/Users/marcellogalhardo/Library/Android/sdk/ndk-bundle/platforms/android-9/arch-arm/usr/lib]
  implicit fwks: []


Determining if the CXX compiler works passed with the following output:
Change Dir: /Users/marcellogalhardo/Workspace/Android/BellyChallenge/android/app/.externalNativeBuild/cmake/mockDebug/armeabi/CMakeFiles/CMakeTmp

Run Build Command:"/Users/marcellogalhardo/Library/Android/sdk/cmake/3.6.3155560/bin/ninja" "cmTC_cbfc4"
[1/2] Building CXX object CMakeFiles/cmTC_cbfc4.dir/testCXXCompiler.cxx.o
[2/2] Linking CXX executable cmTC_cbfc4


Detecting CXX compiler ABI info compiled with the following output:
Change Dir: /Users/marcellogalhardo/Workspace/Android/BellyChallenge/android/app/.externalNativeBuild/cmake/mockDebug/armeabi/CMakeFiles/CMakeTmp

Run Build Command:"/Users/marcellogalhardo/Library/Android/sdk/cmake/3.6.3155560/bin/ninja" "cmTC_27e2b"
[1/2] Building CXX object CMakeFiles/cmTC_27e2b.dir/CMakeCXXCompilerABI.cpp.o
[2/2] Linking CXX executable cmTC_27e2b
Android clang version 3.8.275480  (based on LLVM 3.8.275480)
Target: armv5te-none-linux-android
Thread model: posix
InstalledDir: /Users/marcellogalhardo/Library/Android/sdk/ndk-bundle/toolchains/llvm/prebuilt/darwin-x86_64/bin
Found candidate GCC installation: /Users/marcellogalhardo/Library/Android/sdk/ndk-bundle/toolchains/arm-linux-androideabi-4.9/prebuilt/darwin-x86_64/lib/gcc/arm-linux-androideabi/4.9.x
Selected GCC installation: /Users/marcellogalhardo/Library/Android/sdk/ndk-bundle/toolchains/arm-linux-androideabi-4.9/prebuilt/darwin-x86_64/lib/gcc/arm-linux-androideabi/4.9.x
Candidate multilib: thumb;@thumb
Candidate multilib: armv7-a;@armv7
Candidate multilib: armv7-a/thumb;@armv7@thumb
Candidate multilib: .;
Selected multilib: thumb;@thumb
 "/Users/marcellogalhardo/Library/Android/sdk/ndk-bundle/toolchains/arm-linux-androideabi-4.9/prebuilt/darwin-x86_64/lib/gcc/arm-linux-androideabi/4.9.x/../../../../arm-linux-androideabi/bin/ld" --sysroot=/Users/marcellogalhardo/Library/Android/sdk/ndk-bundle/platforms/android-9/arch-arm -X --eh-frame-hdr -m armelf_linux_eabi -dynamic-linker /system/bin/linker -o cmTC_27e2b /Users/marcellogalhardo/Library/Android/sdk/ndk-bundle/platforms/android-9/arch-arm/usr/lib/../lib/crtbegin_dynamic.o -L/Users/marcellogalhardo/Library/Android/sdk/ndk-bundle/toolchains/arm-linux-androideabi-4.9/prebuilt/darwin-x86_64/lib/gcc/arm-linux-androideabi/4.9.x/thumb -L/Users/marcellogalhardo/Library/Android/sdk/ndk-bundle/toolchains/arm-linux-androideabi-4.9/prebuilt/darwin-x86_64/lib/gcc/arm-linux-androideabi/4.9.x/../../../../arm-linux-androideabi/lib/../lib/thumb -L/Users/marcellogalhardo/Library/Android/sdk/ndk-bundle/platforms/android-9/arch-arm/usr/lib/../lib -L/Users/marcellogalhardo/Library/Android/sdk/ndk-bundle/toolchains/arm-linux-androideabi-4.9/prebuilt/darwin-x86_64/lib/gcc/arm-linux-androideabi/4.9.x/../../../../arm-linux-androideabi/lib/thumb -L/Users/marcellogalhardo/Library/Android/sdk/ndk-bundle/platforms/android-9/arch-arm/usr/lib --build-id --warn-shared-textrel --fatal-warnings --no-undefined -z noexecstack -z relro -z now --gc-sections -z nocopyreloc --build-id --warn-shared-textrel --fatal-warnings --no-undefined -z noexecstack -z relro -z now --gc-sections -z nocopyreloc CMakeFiles/cmTC_27e2b.dir/CMakeCXXCompilerABI.cpp.o -lstdc++ -lm -lgcc -lgcc -ldl -lc -lgcc -lgcc -ldl /Users/marcellogalhardo/Library/Android/sdk/ndk-bundle/platforms/android-9/arch-arm/usr/lib/../lib/crtend_android.o


Parsed CXX implicit link information from above output:
  link line regex: [^( *|.*[/\])(arm-linux-androideabi-ld|([^/\]+-)?ld|collect2)[^/\]*( |$)]
  ignore line: [Change Dir: /Users/marcellogalhardo/Workspace/Android/BellyChallenge/android/app/.externalNativeBuild/cmake/mockDebug/armeabi/CMakeFiles/CMakeTmp]
  ignore line: []
  ignore line: [Run Build Command:"/Users/marcellogalhardo/Library/Android/sdk/cmake/3.6.3155560/bin/ninja" "cmTC_27e2b"]
  ignore line: [[1/2] Building CXX object CMakeFiles/cmTC_27e2b.dir/CMakeCXXCompilerABI.cpp.o]
  ignore line: [[2/2] Linking CXX executable cmTC_27e2b]
  ignore line: [Android clang version 3.8.275480  (based on LLVM 3.8.275480)]
  ignore line: [Target: armv5te-none-linux-android]
  ignore line: [Thread model: posix]
  ignore line: [InstalledDir: /Users/marcellogalhardo/Library/Android/sdk/ndk-bundle/toolchains/llvm/prebuilt/darwin-x86_64/bin]
  ignore line: [Found candidate GCC installation: /Users/marcellogalhardo/Library/Android/sdk/ndk-bundle/toolchains/arm-linux-androideabi-4.9/prebuilt/darwin-x86_64/lib/gcc/arm-linux-androideabi/4.9.x]
  ignore line: [Selected GCC installation: /Users/marcellogalhardo/Library/Android/sdk/ndk-bundle/toolchains/arm-linux-androideabi-4.9/prebuilt/darwin-x86_64/lib/gcc/arm-linux-androideabi/4.9.x]
  ignore line: [Candidate multilib: thumb]
  ignore line: [@thumb]
  ignore line: [Candidate multilib: armv7-a]
  ignore line: [@armv7]
  ignore line: [Candidate multilib: armv7-a/thumb]
  ignore line: [@armv7@thumb]
  ignore line: [Candidate multilib: .]
  ignore line: []
  ignore line: [Selected multilib: thumb]
  ignore line: [@thumb]
  link line: [ "/Users/marcellogalhardo/Library/Android/sdk/ndk-bundle/toolchains/arm-linux-androideabi-4.9/prebuilt/darwin-x86_64/lib/gcc/arm-linux-androideabi/4.9.x/../../../../arm-linux-androideabi/bin/ld" --sysroot=/Users/marcellogalhardo/Library/Android/sdk/ndk-bundle/platforms/android-9/arch-arm -X --eh-frame-hdr -m armelf_linux_eabi -dynamic-linker /system/bin/linker -o cmTC_27e2b /Users/marcellogalhardo/Library/Android/sdk/ndk-bundle/platforms/android-9/arch-arm/usr/lib/../lib/crtbegin_dynamic.o -L/Users/marcellogalhardo/Library/Android/sdk/ndk-bundle/toolchains/arm-linux-androideabi-4.9/prebuilt/darwin-x86_64/lib/gcc/arm-linux-androideabi/4.9.x/thumb -L/Users/marcellogalhardo/Library/Android/sdk/ndk-bundle/toolchains/arm-linux-androideabi-4.9/prebuilt/darwin-x86_64/lib/gcc/arm-linux-androideabi/4.9.x/../../../../arm-linux-androideabi/lib/../lib/thumb -L/Users/marcellogalhardo/Library/Android/sdk/ndk-bundle/platforms/android-9/arch-arm/usr/lib/../lib -L/Users/marcellogalhardo/Library/Android/sdk/ndk-bundle/toolchains/arm-linux-androideabi-4.9/prebuilt/darwin-x86_64/lib/gcc/arm-linux-androideabi/4.9.x/../../../../arm-linux-androideabi/lib/thumb -L/Users/marcellogalhardo/Library/Android/sdk/ndk-bundle/platforms/android-9/arch-arm/usr/lib --build-id --warn-shared-textrel --fatal-warnings --no-undefined -z noexecstack -z relro -z now --gc-sections -z nocopyreloc --build-id --warn-shared-textrel --fatal-warnings --no-undefined -z noexecstack -z relro -z now --gc-sections -z nocopyreloc CMakeFiles/cmTC_27e2b.dir/CMakeCXXCompilerABI.cpp.o -lstdc++ -lm -lgcc -lgcc -ldl -lc -lgcc -lgcc -ldl /Users/marcellogalhardo/Library/Android/sdk/ndk-bundle/platforms/android-9/arch-arm/usr/lib/../lib/crtend_android.o]
    arg [/Users/marcellogalhardo/Library/Android/sdk/ndk-bundle/toolchains/arm-linux-androideabi-4.9/prebuilt/darwin-x86_64/lib/gcc/arm-linux-androideabi/4.9.x/../../../../arm-linux-androideabi/bin/ld] ==> ignore
    arg [--sysroot=/Users/marcellogalhardo/Library/Android/sdk/ndk-bundle/platforms/android-9/arch-arm] ==> ignore
    arg [-X] ==> ignore
    arg [--eh-frame-hdr] ==> ignore
    arg [-m] ==> ignore
    arg [armelf_linux_eabi] ==> ignore
    arg [-dynamic-linker] ==> ignore
    arg [/system/bin/linker] ==> ignore
    arg [-o] ==> ignore
    arg [cmTC_27e2b] ==> ignore
    arg [/Users/marcellogalhardo/Library/Android/sdk/ndk-bundle/platforms/android-9/arch-arm/usr/lib/../lib/crtbegin_dynamic.o] ==> ignore
    arg [-L/Users/marcellogalhardo/Library/Android/sdk/ndk-bundle/toolchains/arm-linux-androideabi-4.9/prebuilt/darwin-x86_64/lib/gcc/arm-linux-androideabi/4.9.x/thumb] ==> dir [/Users/marcellogalhardo/Library/Android/sdk/ndk-bundle/toolchains/arm-linux-androideabi-4.9/prebuilt/darwin-x86_64/lib/gcc/arm-linux-androideabi/4.9.x/thumb]
    arg [-L/Users/marcellogalhardo/Library/Android/sdk/ndk-bundle/toolchains/arm-linux-androideabi-4.9/prebuilt/darwin-x86_64/lib/gcc/arm-linux-androideabi/4.9.x/../../../../arm-linux-androideabi/lib/../lib/thumb] ==> dir [/Users/marcellogalhardo/Library/Android/sdk/ndk-bundle/toolchains/arm-linux-androideabi-4.9/prebuilt/darwin-x86_64/lib/gcc/arm-linux-androideabi/4.9.x/../../../../arm-linux-androideabi/lib/../lib/thumb]
    arg [-L/Users/marcellogalhardo/Library/Android/sdk/ndk-bundle/platforms/android-9/arch-arm/usr/lib/../lib] ==> dir [/Users/marcellogalhardo/Library/Android/sdk/ndk-bundle/platforms/android-9/arch-arm/usr/lib/../lib]
    arg [-L/Users/marcellogalhardo/Library/Android/sdk/ndk-bundle/toolchains/arm-linux-androideabi-4.9/prebuilt/darwin-x86_64/lib/gcc/arm-linux-androideabi/4.9.x/../../../../arm-linux-androideabi/lib/thumb] ==> dir [/Users/marcellogalhardo/Library/Android/sdk/ndk-bundle/toolchains/arm-linux-androideabi-4.9/prebuilt/darwin-x86_64/lib/gcc/arm-linux-androideabi/4.9.x/../../../../arm-linux-androideabi/lib/thumb]
    arg [-L/Users/marcellogalhardo/Library/Android/sdk/ndk-bundle/platforms/android-9/arch-arm/usr/lib] ==> dir [/Users/marcellogalhardo/Library/Android/sdk/ndk-bundle/platforms/android-9/arch-arm/usr/lib]
    arg [--build-id] ==> ignore
    arg [--warn-shared-textrel] ==> ignore
    arg [--fatal-warnings] ==> ignore
    arg [--no-undefined] ==> ignore
    arg [-znoexecstack] ==> ignore
    arg [-zrelro] ==> ignore
    arg [-znow] ==> ignore
    arg [--gc-sections] ==> ignore
    arg [-znocopyreloc] ==> ignore
    arg [--build-id] ==> ignore
    arg [--warn-shared-textrel] ==> ignore
    arg [--fatal-warnings] ==> ignore
    arg [--no-undefined] ==> ignore
    arg [-znoexecstack] ==> ignore
    arg [-zrelro] ==> ignore
    arg [-znow] ==> ignore
    arg [--gc-sections] ==> ignore
    arg [-znocopyreloc] ==> ignore
    arg [CMakeFiles/cmTC_27e2b.dir/CMakeCXXCompilerABI.cpp.o] ==> ignore
    arg [-lstdc++] ==> lib [stdc++]
    arg [-lm] ==> lib [m]
    arg [-lgcc] ==> lib [gcc]
    arg [-lgcc] ==> lib [gcc]
    arg [-ldl] ==> lib [dl]
    arg [-lc] ==> lib [c]
    arg [-lgcc] ==> lib [gcc]
    arg [-lgcc] ==> lib [gcc]
    arg [-ldl] ==> lib [dl]
    arg [/Users/marcellogalhardo/Library/Android/sdk/ndk-bundle/platforms/android-9/arch-arm/usr/lib/../lib/crtend_android.o] ==> ignore
  remove lib [gcc]
  remove lib [gcc]
  remove lib [gcc]
  remove lib [gcc]
  collapse library dir [/Users/marcellogalhardo/Library/Android/sdk/ndk-bundle/toolchains/arm-linux-androideabi-4.9/prebuilt/darwin-x86_64/lib/gcc/arm-linux-androideabi/4.9.x/thumb] ==> [/Users/marcellogalhardo/Library/Android/sdk/ndk-bundle/toolchains/arm-linux-androideabi-4.9/prebuilt/darwin-x86_64/lib/gcc/arm-linux-androideabi/4.9.x/thumb]
  collapse library dir [/Users/marcellogalhardo/Library/Android/sdk/ndk-bundle/toolchains/arm-linux-androideabi-4.9/prebuilt/darwin-x86_64/lib/gcc/arm-linux-androideabi/4.9.x/../../../../arm-linux-androideabi/lib/../lib/thumb] ==> [/Users/marcellogalhardo/Library/Android/sdk/ndk-bundle/toolchains/arm-linux-androideabi-4.9/prebuilt/darwin-x86_64/arm-linux-androideabi/lib/thumb]
  collapse library dir [/Users/marcellogalhardo/Library/Android/sdk/ndk-bundle/platforms/android-9/arch-arm/usr/lib/../lib] ==> [/Users/marcellogalhardo/Library/Android/sdk/ndk-bundle/platforms/android-9/arch-arm/usr/lib]
  collapse library dir [/Users/marcellogalhardo/Library/Android/sdk/ndk-bundle/toolchains/arm-linux-androideabi-4.9/prebuilt/darwin-x86_64/lib/gcc/arm-linux-androideabi/4.9.x/../../../../arm-linux-androideabi/lib/thumb] ==> [/Users/marcellogalhardo/Library/Android/sdk/ndk-bundle/toolchains/arm-linux-androideabi-4.9/prebuilt/darwin-x86_64/arm-linux-androideabi/lib/thumb]
  collapse library dir [/Users/marcellogalhardo/Library/Android/sdk/ndk-bundle/platforms/android-9/arch-arm/usr/lib] ==> [/Users/marcellogalhardo/Library/Android/sdk/ndk-bundle/platforms/android-9/arch-arm/usr/lib]
  implicit libs: [stdc++;m;dl;c;dl]
  implicit dirs: [/Users/marcellogalhardo/Library/Android/sdk/ndk-bundle/toolchains/arm-linux-androideabi-4.9/prebuilt/darwin-x86_64/lib/gcc/arm-linux-androideabi/4.9.x/thumb;/Users/marcellogalhardo/Library/Android/sdk/ndk-bundle/toolchains/arm-linux-androideabi-4.9/prebuilt/darwin-x86_64/arm-linux-androideabi/lib/thumb;/Users/marcellogalhardo/Library/Android/sdk/ndk-bundle/platforms/android-9/arch-arm/usr/lib]
  implicit fwks: []


