The target system is: Android - 21 - mips64
The host system is: Darwin - 16.3.0 - x86_64
Determining if the C compiler works passed with the following output:
Change Dir: /Users/marcellogalhardo/Workspace/Android/BellyChallenge/android/app/.externalNativeBuild/cmake/mockRelease/mips64/CMakeFiles/CMakeTmp

Run Build Command:"/Users/marcellogalhardo/Library/Android/sdk/cmake/3.6.3155560/bin/ninja" "cmTC_705c7"
[1/2] Building C object CMakeFiles/cmTC_705c7.dir/testCCompiler.c.o
[2/2] Linking C executable cmTC_705c7


Detecting C compiler ABI info compiled with the following output:
Change Dir: /Users/marcellogalhardo/Workspace/Android/BellyChallenge/android/app/.externalNativeBuild/cmake/mockRelease/mips64/CMakeFiles/CMakeTmp

Run Build Command:"/Users/marcellogalhardo/Library/Android/sdk/cmake/3.6.3155560/bin/ninja" "cmTC_f01da"
[1/2] Building C object CMakeFiles/cmTC_f01da.dir/CMakeCCompilerABI.c.o
[2/2] Linking C executable cmTC_f01da
Android clang version 3.8.275480  (based on LLVM 3.8.275480)
Target: mips64el-none-linux-android
Thread model: posix
InstalledDir: /Users/marcellogalhardo/Library/Android/sdk/ndk-bundle/toolchains/llvm/prebuilt/darwin-x86_64/bin
Found candidate GCC installation: /Users/marcellogalhardo/Library/Android/sdk/ndk-bundle/toolchains/mips64el-linux-android-4.9/prebuilt/darwin-x86_64/lib/gcc/mips64el-linux-android/4.9.x
Selected GCC installation: /Users/marcellogalhardo/Library/Android/sdk/ndk-bundle/toolchains/mips64el-linux-android-4.9/prebuilt/darwin-x86_64/lib/gcc/mips64el-linux-android/4.9.x
Candidate multilib: .;@march=mips64r6
Candidate multilib: 32/mips-r1;@march=mips32
Candidate multilib: 32/mips-r2;@march=mips32r2
Candidate multilib: 32/mips-r6;@march=mips32r6
Selected multilib: .;@march=mips64r6
 "/Users/marcellogalhardo/Library/Android/sdk/ndk-bundle/toolchains/mips64el-linux-android-4.9/prebuilt/darwin-x86_64/lib/gcc/mips64el-linux-android/4.9.x/../../../../mips64el-linux-android/bin/ld" --sysroot=/Users/marcellogalhardo/Library/Android/sdk/ndk-bundle/platforms/android-21/arch-mips64 -pie --sysroot=/Users/marcellogalhardo/Library/Android/sdk/ndk-bundle/platforms/android-21/arch-mips64 --eh-frame-hdr -m elf64ltsmip -dynamic-linker /system/bin/linker64 -o cmTC_f01da /Users/marcellogalhardo/Library/Android/sdk/ndk-bundle/platforms/android-21/arch-mips64/usr/lib/../lib64/crtbegin_dynamic.o -L/Users/marcellogalhardo/Library/Android/sdk/ndk-bundle/toolchains/mips64el-linux-android-4.9/prebuilt/darwin-x86_64/lib/gcc/mips64el-linux-android/4.9.x -L/Users/marcellogalhardo/Library/Android/sdk/ndk-bundle/toolchains/mips64el-linux-android-4.9/prebuilt/darwin-x86_64/lib/gcc/mips64el-linux-android/4.9.x/../../../../mips64el-linux-android/lib/../lib64 -L/Users/marcellogalhardo/Library/Android/sdk/ndk-bundle/platforms/android-21/arch-mips64/usr/lib/../lib64 -L/Users/marcellogalhardo/Library/Android/sdk/ndk-bundle/toolchains/mips64el-linux-android-4.9/prebuilt/darwin-x86_64/lib/gcc/mips64el-linux-android/4.9.x/../../../../mips64el-linux-android/lib -L/Users/marcellogalhardo/Library/Android/sdk/ndk-bundle/platforms/android-21/arch-mips64/usr/lib --build-id --warn-shared-textrel --fatal-warnings --no-undefined -z noexecstack -z relro -z now --gc-sections -z nocopyreloc --build-id --warn-shared-textrel --fatal-warnings --no-undefined -z noexecstack -z relro -z now --gc-sections -z nocopyreloc CMakeFiles/cmTC_f01da.dir/CMakeCCompilerABI.c.o -lgcc -ldl -lc -lgcc -ldl /Users/marcellogalhardo/Library/Android/sdk/ndk-bundle/platforms/android-21/arch-mips64/usr/lib/../lib64/crtend_android.o


Parsed C implicit link information from above output:
  link line regex: [^( *|.*[/\])(mips64el-linux-android-ld|([^/\]+-)?ld|collect2)[^/\]*( |$)]
  ignore line: [Change Dir: /Users/marcellogalhardo/Workspace/Android/BellyChallenge/android/app/.externalNativeBuild/cmake/mockRelease/mips64/CMakeFiles/CMakeTmp]
  ignore line: []
  ignore line: [Run Build Command:"/Users/marcellogalhardo/Library/Android/sdk/cmake/3.6.3155560/bin/ninja" "cmTC_f01da"]
  ignore line: [[1/2] Building C object CMakeFiles/cmTC_f01da.dir/CMakeCCompilerABI.c.o]
  ignore line: [[2/2] Linking C executable cmTC_f01da]
  ignore line: [Android clang version 3.8.275480  (based on LLVM 3.8.275480)]
  ignore line: [Target: mips64el-none-linux-android]
  ignore line: [Thread model: posix]
  ignore line: [InstalledDir: /Users/marcellogalhardo/Library/Android/sdk/ndk-bundle/toolchains/llvm/prebuilt/darwin-x86_64/bin]
  ignore line: [Found candidate GCC installation: /Users/marcellogalhardo/Library/Android/sdk/ndk-bundle/toolchains/mips64el-linux-android-4.9/prebuilt/darwin-x86_64/lib/gcc/mips64el-linux-android/4.9.x]
  ignore line: [Selected GCC installation: /Users/marcellogalhardo/Library/Android/sdk/ndk-bundle/toolchains/mips64el-linux-android-4.9/prebuilt/darwin-x86_64/lib/gcc/mips64el-linux-android/4.9.x]
  ignore line: [Candidate multilib: .]
  ignore line: [@march=mips64r6]
  ignore line: [Candidate multilib: 32/mips-r1]
  ignore line: [@march=mips32]
  ignore line: [Candidate multilib: 32/mips-r2]
  ignore line: [@march=mips32r2]
  ignore line: [Candidate multilib: 32/mips-r6]
  ignore line: [@march=mips32r6]
  ignore line: [Selected multilib: .]
  ignore line: [@march=mips64r6]
  link line: [ "/Users/marcellogalhardo/Library/Android/sdk/ndk-bundle/toolchains/mips64el-linux-android-4.9/prebuilt/darwin-x86_64/lib/gcc/mips64el-linux-android/4.9.x/../../../../mips64el-linux-android/bin/ld" --sysroot=/Users/marcellogalhardo/Library/Android/sdk/ndk-bundle/platforms/android-21/arch-mips64 -pie --sysroot=/Users/marcellogalhardo/Library/Android/sdk/ndk-bundle/platforms/android-21/arch-mips64 --eh-frame-hdr -m elf64ltsmip -dynamic-linker /system/bin/linker64 -o cmTC_f01da /Users/marcellogalhardo/Library/Android/sdk/ndk-bundle/platforms/android-21/arch-mips64/usr/lib/../lib64/crtbegin_dynamic.o -L/Users/marcellogalhardo/Library/Android/sdk/ndk-bundle/toolchains/mips64el-linux-android-4.9/prebuilt/darwin-x86_64/lib/gcc/mips64el-linux-android/4.9.x -L/Users/marcellogalhardo/Library/Android/sdk/ndk-bundle/toolchains/mips64el-linux-android-4.9/prebuilt/darwin-x86_64/lib/gcc/mips64el-linux-android/4.9.x/../../../../mips64el-linux-android/lib/../lib64 -L/Users/marcellogalhardo/Library/Android/sdk/ndk-bundle/platforms/android-21/arch-mips64/usr/lib/../lib64 -L/Users/marcellogalhardo/Library/Android/sdk/ndk-bundle/toolchains/mips64el-linux-android-4.9/prebuilt/darwin-x86_64/lib/gcc/mips64el-linux-android/4.9.x/../../../../mips64el-linux-android/lib -L/Users/marcellogalhardo/Library/Android/sdk/ndk-bundle/platforms/android-21/arch-mips64/usr/lib --build-id --warn-shared-textrel --fatal-warnings --no-undefined -z noexecstack -z relro -z now --gc-sections -z nocopyreloc --build-id --warn-shared-textrel --fatal-warnings --no-undefined -z noexecstack -z relro -z now --gc-sections -z nocopyreloc CMakeFiles/cmTC_f01da.dir/CMakeCCompilerABI.c.o -lgcc -ldl -lc -lgcc -ldl /Users/marcellogalhardo/Library/Android/sdk/ndk-bundle/platforms/android-21/arch-mips64/usr/lib/../lib64/crtend_android.o]
    arg [/Users/marcellogalhardo/Library/Android/sdk/ndk-bundle/toolchains/mips64el-linux-android-4.9/prebuilt/darwin-x86_64/lib/gcc/mips64el-linux-android/4.9.x/../../../../mips64el-linux-android/bin/ld] ==> ignore
    arg [--sysroot=/Users/marcellogalhardo/Library/Android/sdk/ndk-bundle/platforms/android-21/arch-mips64] ==> ignore
    arg [-pie] ==> ignore
    arg [--sysroot=/Users/marcellogalhardo/Library/Android/sdk/ndk-bundle/platforms/android-21/arch-mips64] ==> ignore
    arg [--eh-frame-hdr] ==> ignore
    arg [-m] ==> ignore
    arg [elf64ltsmip] ==> ignore
    arg [-dynamic-linker] ==> ignore
    arg [/system/bin/linker64] ==> ignore
    arg [-o] ==> ignore
    arg [cmTC_f01da] ==> ignore
    arg [/Users/marcellogalhardo/Library/Android/sdk/ndk-bundle/platforms/android-21/arch-mips64/usr/lib/../lib64/crtbegin_dynamic.o] ==> ignore
    arg [-L/Users/marcellogalhardo/Library/Android/sdk/ndk-bundle/toolchains/mips64el-linux-android-4.9/prebuilt/darwin-x86_64/lib/gcc/mips64el-linux-android/4.9.x] ==> dir [/Users/marcellogalhardo/Library/Android/sdk/ndk-bundle/toolchains/mips64el-linux-android-4.9/prebuilt/darwin-x86_64/lib/gcc/mips64el-linux-android/4.9.x]
    arg [-L/Users/marcellogalhardo/Library/Android/sdk/ndk-bundle/toolchains/mips64el-linux-android-4.9/prebuilt/darwin-x86_64/lib/gcc/mips64el-linux-android/4.9.x/../../../../mips64el-linux-android/lib/../lib64] ==> dir [/Users/marcellogalhardo/Library/Android/sdk/ndk-bundle/toolchains/mips64el-linux-android-4.9/prebuilt/darwin-x86_64/lib/gcc/mips64el-linux-android/4.9.x/../../../../mips64el-linux-android/lib/../lib64]
    arg [-L/Users/marcellogalhardo/Library/Android/sdk/ndk-bundle/platforms/android-21/arch-mips64/usr/lib/../lib64] ==> dir [/Users/marcellogalhardo/Library/Android/sdk/ndk-bundle/platforms/android-21/arch-mips64/usr/lib/../lib64]
    arg [-L/Users/marcellogalhardo/Library/Android/sdk/ndk-bundle/toolchains/mips64el-linux-android-4.9/prebuilt/darwin-x86_64/lib/gcc/mips64el-linux-android/4.9.x/../../../../mips64el-linux-android/lib] ==> dir [/Users/marcellogalhardo/Library/Android/sdk/ndk-bundle/toolchains/mips64el-linux-android-4.9/prebuilt/darwin-x86_64/lib/gcc/mips64el-linux-android/4.9.x/../../../../mips64el-linux-android/lib]
    arg [-L/Users/marcellogalhardo/Library/Android/sdk/ndk-bundle/platforms/android-21/arch-mips64/usr/lib] ==> dir [/Users/marcellogalhardo/Library/Android/sdk/ndk-bundle/platforms/android-21/arch-mips64/usr/lib]
    arg [--build-id] ==> ignore
    arg [--warn-shared-textrel] ==> ignore
    arg [--fatal-warnings] ==> ignore
    arg [--no-undefined] ==> ignore
    arg [-znoexecstack] ==> ignore
    arg [-zrelro] ==> ignore
    arg [-znow] ==> ignore
    arg [--gc-sections] ==> ignore
    arg [-znocopyreloc] ==> ignore
    arg [--build-id] ==> ignore
    arg [--warn-shared-textrel] ==> ignore
    arg [--fatal-warnings] ==> ignore
    arg [--no-undefined] ==> ignore
    arg [-znoexecstack] ==> ignore
    arg [-zrelro] ==> ignore
    arg [-znow] ==> ignore
    arg [--gc-sections] ==> ignore
    arg [-znocopyreloc] ==> ignore
    arg [CMakeFiles/cmTC_f01da.dir/CMakeCCompilerABI.c.o] ==> ignore
    arg [-lgcc] ==> lib [gcc]
    arg [-ldl] ==> lib [dl]
    arg [-lc] ==> lib [c]
    arg [-lgcc] ==> lib [gcc]
    arg [-ldl] ==> lib [dl]
    arg [/Users/marcellogalhardo/Library/Android/sdk/ndk-bundle/platforms/android-21/arch-mips64/usr/lib/../lib64/crtend_android.o] ==> ignore
  remove lib [gcc]
  remove lib [gcc]
  collapse library dir [/Users/marcellogalhardo/Library/Android/sdk/ndk-bundle/toolchains/mips64el-linux-android-4.9/prebuilt/darwin-x86_64/lib/gcc/mips64el-linux-android/4.9.x] ==> [/Users/marcellogalhardo/Library/Android/sdk/ndk-bundle/toolchains/mips64el-linux-android-4.9/prebuilt/darwin-x86_64/lib/gcc/mips64el-linux-android/4.9.x]
  collapse library dir [/Users/marcellogalhardo/Library/Android/sdk/ndk-bundle/toolchains/mips64el-linux-android-4.9/prebuilt/darwin-x86_64/lib/gcc/mips64el-linux-android/4.9.x/../../../../mips64el-linux-android/lib/../lib64] ==> [/Users/marcellogalhardo/Library/Android/sdk/ndk-bundle/toolchains/mips64el-linux-android-4.9/prebuilt/darwin-x86_64/mips64el-linux-android/lib64]
  collapse library dir [/Users/marcellogalhardo/Library/Android/sdk/ndk-bundle/platforms/android-21/arch-mips64/usr/lib/../lib64] ==> [/Users/marcellogalhardo/Library/Android/sdk/ndk-bundle/platforms/android-21/arch-mips64/usr/lib64]
  collapse library dir [/Users/marcellogalhardo/Library/Android/sdk/ndk-bundle/toolchains/mips64el-linux-android-4.9/prebuilt/darwin-x86_64/lib/gcc/mips64el-linux-android/4.9.x/../../../../mips64el-linux-android/lib] ==> [/Users/marcellogalhardo/Library/Android/sdk/ndk-bundle/toolchains/mips64el-linux-android-4.9/prebuilt/darwin-x86_64/mips64el-linux-android/lib]
  collapse library dir [/Users/marcellogalhardo/Library/Android/sdk/ndk-bundle/platforms/android-21/arch-mips64/usr/lib] ==> [/Users/marcellogalhardo/Library/Android/sdk/ndk-bundle/platforms/android-21/arch-mips64/usr/lib]
  implicit libs: [dl;c;dl]
  implicit dirs: [/Users/marcellogalhardo/Library/Android/sdk/ndk-bundle/toolchains/mips64el-linux-android-4.9/prebuilt/darwin-x86_64/lib/gcc/mips64el-linux-android/4.9.x;/Users/marcellogalhardo/Library/Android/sdk/ndk-bundle/toolchains/mips64el-linux-android-4.9/prebuilt/darwin-x86_64/mips64el-linux-android/lib64;/Users/marcellogalhardo/Library/Android/sdk/ndk-bundle/platforms/android-21/arch-mips64/usr/lib64;/Users/marcellogalhardo/Library/Android/sdk/ndk-bundle/toolchains/mips64el-linux-android-4.9/prebuilt/darwin-x86_64/mips64el-linux-android/lib;/Users/marcellogalhardo/Library/Android/sdk/ndk-bundle/platforms/android-21/arch-mips64/usr/lib]
  implicit fwks: []


Determining if the CXX compiler works passed with the following output:
Change Dir: /Users/marcellogalhardo/Workspace/Android/BellyChallenge/android/app/.externalNativeBuild/cmake/mockRelease/mips64/CMakeFiles/CMakeTmp

Run Build Command:"/Users/marcellogalhardo/Library/Android/sdk/cmake/3.6.3155560/bin/ninja" "cmTC_6edbd"
[1/2] Building CXX object CMakeFiles/cmTC_6edbd.dir/testCXXCompiler.cxx.o
[2/2] Linking CXX executable cmTC_6edbd


Detecting CXX compiler ABI info compiled with the following output:
Change Dir: /Users/marcellogalhardo/Workspace/Android/BellyChallenge/android/app/.externalNativeBuild/cmake/mockRelease/mips64/CMakeFiles/CMakeTmp

Run Build Command:"/Users/marcellogalhardo/Library/Android/sdk/cmake/3.6.3155560/bin/ninja" "cmTC_5e80b"
[1/2] Building CXX object CMakeFiles/cmTC_5e80b.dir/CMakeCXXCompilerABI.cpp.o
[2/2] Linking CXX executable cmTC_5e80b
Android clang version 3.8.275480  (based on LLVM 3.8.275480)
Target: mips64el-none-linux-android
Thread model: posix
InstalledDir: /Users/marcellogalhardo/Library/Android/sdk/ndk-bundle/toolchains/llvm/prebuilt/darwin-x86_64/bin
Found candidate GCC installation: /Users/marcellogalhardo/Library/Android/sdk/ndk-bundle/toolchains/mips64el-linux-android-4.9/prebuilt/darwin-x86_64/lib/gcc/mips64el-linux-android/4.9.x
Selected GCC installation: /Users/marcellogalhardo/Library/Android/sdk/ndk-bundle/toolchains/mips64el-linux-android-4.9/prebuilt/darwin-x86_64/lib/gcc/mips64el-linux-android/4.9.x
Candidate multilib: .;@march=mips64r6
Candidate multilib: 32/mips-r1;@march=mips32
Candidate multilib: 32/mips-r2;@march=mips32r2
Candidate multilib: 32/mips-r6;@march=mips32r6
Selected multilib: .;@march=mips64r6
 "/Users/marcellogalhardo/Library/Android/sdk/ndk-bundle/toolchains/mips64el-linux-android-4.9/prebuilt/darwin-x86_64/lib/gcc/mips64el-linux-android/4.9.x/../../../../mips64el-linux-android/bin/ld" --sysroot=/Users/marcellogalhardo/Library/Android/sdk/ndk-bundle/platforms/android-21/arch-mips64 -pie --sysroot=/Users/marcellogalhardo/Library/Android/sdk/ndk-bundle/platforms/android-21/arch-mips64 --eh-frame-hdr -m elf64ltsmip -dynamic-linker /system/bin/linker64 -o cmTC_5e80b /Users/marcellogalhardo/Library/Android/sdk/ndk-bundle/platforms/android-21/arch-mips64/usr/lib/../lib64/crtbegin_dynamic.o -L/Users/marcellogalhardo/Library/Android/sdk/ndk-bundle/toolchains/mips64el-linux-android-4.9/prebuilt/darwin-x86_64/lib/gcc/mips64el-linux-android/4.9.x -L/Users/marcellogalhardo/Library/Android/sdk/ndk-bundle/toolchains/mips64el-linux-android-4.9/prebuilt/darwin-x86_64/lib/gcc/mips64el-linux-android/4.9.x/../../../../mips64el-linux-android/lib/../lib64 -L/Users/marcellogalhardo/Library/Android/sdk/ndk-bundle/platforms/android-21/arch-mips64/usr/lib/../lib64 -L/Users/marcellogalhardo/Library/Android/sdk/ndk-bundle/toolchains/mips64el-linux-android-4.9/prebuilt/darwin-x86_64/lib/gcc/mips64el-linux-android/4.9.x/../../../../mips64el-linux-android/lib -L/Users/marcellogalhardo/Library/Android/sdk/ndk-bundle/platforms/android-21/arch-mips64/usr/lib --build-id --warn-shared-textrel --fatal-warnings --no-undefined -z noexecstack -z relro -z now --gc-sections -z nocopyreloc --build-id --warn-shared-textrel --fatal-warnings --no-undefined -z noexecstack -z relro -z now --gc-sections -z nocopyreloc CMakeFiles/cmTC_5e80b.dir/CMakeCXXCompilerABI.cpp.o -lstdc++ -lm -lgcc -lgcc -ldl -lc -lgcc -lgcc -ldl /Users/marcellogalhardo/Library/Android/sdk/ndk-bundle/platforms/android-21/arch-mips64/usr/lib/../lib64/crtend_android.o


Parsed CXX implicit link information from above output:
  link line regex: [^( *|.*[/\])(mips64el-linux-android-ld|([^/\]+-)?ld|collect2)[^/\]*( |$)]
  ignore line: [Change Dir: /Users/marcellogalhardo/Workspace/Android/BellyChallenge/android/app/.externalNativeBuild/cmake/mockRelease/mips64/CMakeFiles/CMakeTmp]
  ignore line: []
  ignore line: [Run Build Command:"/Users/marcellogalhardo/Library/Android/sdk/cmake/3.6.3155560/bin/ninja" "cmTC_5e80b"]
  ignore line: [[1/2] Building CXX object CMakeFiles/cmTC_5e80b.dir/CMakeCXXCompilerABI.cpp.o]
  ignore line: [[2/2] Linking CXX executable cmTC_5e80b]
  ignore line: [Android clang version 3.8.275480  (based on LLVM 3.8.275480)]
  ignore line: [Target: mips64el-none-linux-android]
  ignore line: [Thread model: posix]
  ignore line: [InstalledDir: /Users/marcellogalhardo/Library/Android/sdk/ndk-bundle/toolchains/llvm/prebuilt/darwin-x86_64/bin]
  ignore line: [Found candidate GCC installation: /Users/marcellogalhardo/Library/Android/sdk/ndk-bundle/toolchains/mips64el-linux-android-4.9/prebuilt/darwin-x86_64/lib/gcc/mips64el-linux-android/4.9.x]
  ignore line: [Selected GCC installation: /Users/marcellogalhardo/Library/Android/sdk/ndk-bundle/toolchains/mips64el-linux-android-4.9/prebuilt/darwin-x86_64/lib/gcc/mips64el-linux-android/4.9.x]
  ignore line: [Candidate multilib: .]
  ignore line: [@march=mips64r6]
  ignore line: [Candidate multilib: 32/mips-r1]
  ignore line: [@march=mips32]
  ignore line: [Candidate multilib: 32/mips-r2]
  ignore line: [@march=mips32r2]
  ignore line: [Candidate multilib: 32/mips-r6]
  ignore line: [@march=mips32r6]
  ignore line: [Selected multilib: .]
  ignore line: [@march=mips64r6]
  link line: [ "/Users/marcellogalhardo/Library/Android/sdk/ndk-bundle/toolchains/mips64el-linux-android-4.9/prebuilt/darwin-x86_64/lib/gcc/mips64el-linux-android/4.9.x/../../../../mips64el-linux-android/bin/ld" --sysroot=/Users/marcellogalhardo/Library/Android/sdk/ndk-bundle/platforms/android-21/arch-mips64 -pie --sysroot=/Users/marcellogalhardo/Library/Android/sdk/ndk-bundle/platforms/android-21/arch-mips64 --eh-frame-hdr -m elf64ltsmip -dynamic-linker /system/bin/linker64 -o cmTC_5e80b /Users/marcellogalhardo/Library/Android/sdk/ndk-bundle/platforms/android-21/arch-mips64/usr/lib/../lib64/crtbegin_dynamic.o -L/Users/marcellogalhardo/Library/Android/sdk/ndk-bundle/toolchains/mips64el-linux-android-4.9/prebuilt/darwin-x86_64/lib/gcc/mips64el-linux-android/4.9.x -L/Users/marcellogalhardo/Library/Android/sdk/ndk-bundle/toolchains/mips64el-linux-android-4.9/prebuilt/darwin-x86_64/lib/gcc/mips64el-linux-android/4.9.x/../../../../mips64el-linux-android/lib/../lib64 -L/Users/marcellogalhardo/Library/Android/sdk/ndk-bundle/platforms/android-21/arch-mips64/usr/lib/../lib64 -L/Users/marcellogalhardo/Library/Android/sdk/ndk-bundle/toolchains/mips64el-linux-android-4.9/prebuilt/darwin-x86_64/lib/gcc/mips64el-linux-android/4.9.x/../../../../mips64el-linux-android/lib -L/Users/marcellogalhardo/Library/Android/sdk/ndk-bundle/platforms/android-21/arch-mips64/usr/lib --build-id --warn-shared-textrel --fatal-warnings --no-undefined -z noexecstack -z relro -z now --gc-sections -z nocopyreloc --build-id --warn-shared-textrel --fatal-warnings --no-undefined -z noexecstack -z relro -z now --gc-sections -z nocopyreloc CMakeFiles/cmTC_5e80b.dir/CMakeCXXCompilerABI.cpp.o -lstdc++ -lm -lgcc -lgcc -ldl -lc -lgcc -lgcc -ldl /Users/marcellogalhardo/Library/Android/sdk/ndk-bundle/platforms/android-21/arch-mips64/usr/lib/../lib64/crtend_android.o]
    arg [/Users/marcellogalhardo/Library/Android/sdk/ndk-bundle/toolchains/mips64el-linux-android-4.9/prebuilt/darwin-x86_64/lib/gcc/mips64el-linux-android/4.9.x/../../../../mips64el-linux-android/bin/ld] ==> ignore
    arg [--sysroot=/Users/marcellogalhardo/Library/Android/sdk/ndk-bundle/platforms/android-21/arch-mips64] ==> ignore
    arg [-pie] ==> ignore
    arg [--sysroot=/Users/marcellogalhardo/Library/Android/sdk/ndk-bundle/platforms/android-21/arch-mips64] ==> ignore
    arg [--eh-frame-hdr] ==> ignore
    arg [-m] ==> ignore
    arg [elf64ltsmip] ==> ignore
    arg [-dynamic-linker] ==> ignore
    arg [/system/bin/linker64] ==> ignore
    arg [-o] ==> ignore
    arg [cmTC_5e80b] ==> ignore
    arg [/Users/marcellogalhardo/Library/Android/sdk/ndk-bundle/platforms/android-21/arch-mips64/usr/lib/../lib64/crtbegin_dynamic.o] ==> ignore
    arg [-L/Users/marcellogalhardo/Library/Android/sdk/ndk-bundle/toolchains/mips64el-linux-android-4.9/prebuilt/darwin-x86_64/lib/gcc/mips64el-linux-android/4.9.x] ==> dir [/Users/marcellogalhardo/Library/Android/sdk/ndk-bundle/toolchains/mips64el-linux-android-4.9/prebuilt/darwin-x86_64/lib/gcc/mips64el-linux-android/4.9.x]
    arg [-L/Users/marcellogalhardo/Library/Android/sdk/ndk-bundle/toolchains/mips64el-linux-android-4.9/prebuilt/darwin-x86_64/lib/gcc/mips64el-linux-android/4.9.x/../../../../mips64el-linux-android/lib/../lib64] ==> dir [/Users/marcellogalhardo/Library/Android/sdk/ndk-bundle/toolchains/mips64el-linux-android-4.9/prebuilt/darwin-x86_64/lib/gcc/mips64el-linux-android/4.9.x/../../../../mips64el-linux-android/lib/../lib64]
    arg [-L/Users/marcellogalhardo/Library/Android/sdk/ndk-bundle/platforms/android-21/arch-mips64/usr/lib/../lib64] ==> dir [/Users/marcellogalhardo/Library/Android/sdk/ndk-bundle/platforms/android-21/arch-mips64/usr/lib/../lib64]
    arg [-L/Users/marcellogalhardo/Library/Android/sdk/ndk-bundle/toolchains/mips64el-linux-android-4.9/prebuilt/darwin-x86_64/lib/gcc/mips64el-linux-android/4.9.x/../../../../mips64el-linux-android/lib] ==> dir [/Users/marcellogalhardo/Library/Android/sdk/ndk-bundle/toolchains/mips64el-linux-android-4.9/prebuilt/darwin-x86_64/lib/gcc/mips64el-linux-android/4.9.x/../../../../mips64el-linux-android/lib]
    arg [-L/Users/marcellogalhardo/Library/Android/sdk/ndk-bundle/platforms/android-21/arch-mips64/usr/lib] ==> dir [/Users/marcellogalhardo/Library/Android/sdk/ndk-bundle/platforms/android-21/arch-mips64/usr/lib]
    arg [--build-id] ==> ignore
    arg [--warn-shared-textrel] ==> ignore
    arg [--fatal-warnings] ==> ignore
    arg [--no-undefined] ==> ignore
    arg [-znoexecstack] ==> ignore
    arg [-zrelro] ==> ignore
    arg [-znow] ==> ignore
    arg [--gc-sections] ==> ignore
    arg [-znocopyreloc] ==> ignore
    arg [--build-id] ==> ignore
    arg [--warn-shared-textrel] ==> ignore
    arg [--fatal-warnings] ==> ignore
    arg [--no-undefined] ==> ignore
    arg [-znoexecstack] ==> ignore
    arg [-zrelro] ==> ignore
    arg [-znow] ==> ignore
    arg [--gc-sections] ==> ignore
    arg [-znocopyreloc] ==> ignore
    arg [CMakeFiles/cmTC_5e80b.dir/CMakeCXXCompilerABI.cpp.o] ==> ignore
    arg [-lstdc++] ==> lib [stdc++]
    arg [-lm] ==> lib [m]
    arg [-lgcc] ==> lib [gcc]
    arg [-lgcc] ==> lib [gcc]
    arg [-ldl] ==> lib [dl]
    arg [-lc] ==> lib [c]
    arg [-lgcc] ==> lib [gcc]
    arg [-lgcc] ==> lib [gcc]
    arg [-ldl] ==> lib [dl]
    arg [/Users/marcellogalhardo/Library/Android/sdk/ndk-bundle/platforms/android-21/arch-mips64/usr/lib/../lib64/crtend_android.o] ==> ignore
  remove lib [gcc]
  remove lib [gcc]
  remove lib [gcc]
  remove lib [gcc]
  collapse library dir [/Users/marcellogalhardo/Library/Android/sdk/ndk-bundle/toolchains/mips64el-linux-android-4.9/prebuilt/darwin-x86_64/lib/gcc/mips64el-linux-android/4.9.x] ==> [/Users/marcellogalhardo/Library/Android/sdk/ndk-bundle/toolchains/mips64el-linux-android-4.9/prebuilt/darwin-x86_64/lib/gcc/mips64el-linux-android/4.9.x]
  collapse library dir [/Users/marcellogalhardo/Library/Android/sdk/ndk-bundle/toolchains/mips64el-linux-android-4.9/prebuilt/darwin-x86_64/lib/gcc/mips64el-linux-android/4.9.x/../../../../mips64el-linux-android/lib/../lib64] ==> [/Users/marcellogalhardo/Library/Android/sdk/ndk-bundle/toolchains/mips64el-linux-android-4.9/prebuilt/darwin-x86_64/mips64el-linux-android/lib64]
  collapse library dir [/Users/marcellogalhardo/Library/Android/sdk/ndk-bundle/platforms/android-21/arch-mips64/usr/lib/../lib64] ==> [/Users/marcellogalhardo/Library/Android/sdk/ndk-bundle/platforms/android-21/arch-mips64/usr/lib64]
  collapse library dir [/Users/marcellogalhardo/Library/Android/sdk/ndk-bundle/toolchains/mips64el-linux-android-4.9/prebuilt/darwin-x86_64/lib/gcc/mips64el-linux-android/4.9.x/../../../../mips64el-linux-android/lib] ==> [/Users/marcellogalhardo/Library/Android/sdk/ndk-bundle/toolchains/mips64el-linux-android-4.9/prebuilt/darwin-x86_64/mips64el-linux-android/lib]
  collapse library dir [/Users/marcellogalhardo/Library/Android/sdk/ndk-bundle/platforms/android-21/arch-mips64/usr/lib] ==> [/Users/marcellogalhardo/Library/Android/sdk/ndk-bundle/platforms/android-21/arch-mips64/usr/lib]
  implicit libs: [stdc++;m;dl;c;dl]
  implicit dirs: [/Users/marcellogalhardo/Library/Android/sdk/ndk-bundle/toolchains/mips64el-linux-android-4.9/prebuilt/darwin-x86_64/lib/gcc/mips64el-linux-android/4.9.x;/Users/marcellogalhardo/Library/Android/sdk/ndk-bundle/toolchains/mips64el-linux-android-4.9/prebuilt/darwin-x86_64/mips64el-linux-android/lib64;/Users/marcellogalhardo/Library/Android/sdk/ndk-bundle/platforms/android-21/arch-mips64/usr/lib64;/Users/marcellogalhardo/Library/Android/sdk/ndk-bundle/toolchains/mips64el-linux-android-4.9/prebuilt/darwin-x86_64/mips64el-linux-android/lib;/Users/marcellogalhardo/Library/Android/sdk/ndk-bundle/platforms/android-21/arch-mips64/usr/lib]
  implicit fwks: []


